0 info it worked if it ends with ok
1 verbose cli [ '/Users/Devi/.nvm/versions/node/v6.6.0/bin/node',
1 verbose cli   '/Users/Devi/.nvm/versions/node/v6.6.0/bin/npm',
1 verbose cli   'run',
1 verbose cli   'test' ]
2 info using npm@3.10.3
3 info using node@v6.6.0
4 verbose run-script [ 'pretest', 'test', 'posttest' ]
5 info lifecycle bookstore@0.1.0~pretest: bookstore@0.1.0
6 silly lifecycle bookstore@0.1.0~pretest: no script for pretest, continuing
7 info lifecycle bookstore@0.1.0~test: bookstore@0.1.0
8 verbose lifecycle bookstore@0.1.0~test: unsafe-perm in lifecycle true
9 verbose lifecycle bookstore@0.1.0~test: PATH: /Users/Devi/.nvm/versions/node/v6.6.0/lib/node_modules/npm/bin/node-gyp-bin:/Users/Devi/Documents/shoppingCart/bookstore/node_modules/.bin:/Users/Devi/.nvm/versions/node/v6.6.0/bin:/Users/Devi/Downloads/google-cloud-sdk/bin:/Users/Devi/.nvm/versions/node/v6.6.0/bin:/usr/local/bin:/usr/bin:/bin:/usr/sbin:/sbin
10 verbose lifecycle bookstore@0.1.0~test: CWD: /Users/Devi/Documents/shoppingCart/bookstore
11 silly lifecycle bookstore@0.1.0~test: Args: [ '-c', 'grunt test' ]
12 silly lifecycle bookstore@0.1.0~test: Returned: code: 3  signal: null
13 info lifecycle bookstore@0.1.0~test: Failed to exec test script
14 verbose stack Error: bookstore@0.1.0 test: `grunt test`
14 verbose stack Exit status 3
14 verbose stack     at EventEmitter.<anonymous> (/Users/Devi/.nvm/versions/node/v6.6.0/lib/node_modules/npm/lib/utils/lifecycle.js:242:16)
14 verbose stack     at emitTwo (events.js:106:13)
14 verbose stack     at EventEmitter.emit (events.js:191:7)
14 verbose stack     at ChildProcess.<anonymous> (/Users/Devi/.nvm/versions/node/v6.6.0/lib/node_modules/npm/lib/utils/spawn.js:40:14)
14 verbose stack     at emitTwo (events.js:106:13)
14 verbose stack     at ChildProcess.emit (events.js:191:7)
14 verbose stack     at maybeClose (internal/child_process.js:877:16)
14 verbose stack     at Process.ChildProcess._handle.onexit (internal/child_process.js:226:5)
15 verbose pkgid bookstore@0.1.0
16 verbose cwd /Users/Devi/Documents/shoppingCart/bookstore
17 error Darwin 15.6.0
18 error argv "/Users/Devi/.nvm/versions/node/v6.6.0/bin/node" "/Users/Devi/.nvm/versions/node/v6.6.0/bin/npm" "run" "test"
19 error node v6.6.0
20 error npm  v3.10.3
21 error code ELIFECYCLE
22 error bookstore@0.1.0 test: `grunt test`
22 error Exit status 3
23 error Failed at the bookstore@0.1.0 test script 'grunt test'.
23 error Make sure you have the latest version of node.js and npm installed.
23 error If you do, this is most likely a problem with the bookstore package,
23 error not with npm itself.
23 error Tell the author that this fails on your system:
23 error     grunt test
23 error You can get information on how to open an issue for this project with:
23 error     npm bugs bookstore
23 error Or if that isn't available, you can get their info via:
23 error     npm owner ls bookstore
23 error There is likely additional logging output above.
24 verbose exit [ 1, true ]
